{"/mnt/c/Users/sebby/OneDrive/Desktop/Projects/my-app/client/src/App.js": {"path":"/mnt/c/Users/sebby/OneDrive/Desktop/Projects/my-app/client/src/App.js","statementMap":{"0":{"start":{"line":5,"column":2},"end":{"line":9,"column":4}}},"fnMap":{"0":{"name":"App","decl":{"start":{"line":4,"column":9},"end":{"line":4,"column":12}},"loc":{"start":{"line":4,"column":15},"end":{"line":10,"column":1}},"line":4}},"branchMap":{},"s":{"0":2},"f":{"0":2},"b":{},"_coverageSchema":"1a1c01bbd47fc00a2c39e90264f33305004495a9","hash":"b0098b6794c168af6eb593df3ba19e44a1a1588e"}
,"/mnt/c/Users/sebby/OneDrive/Desktop/Projects/my-app/client/src/components/Button.js": {"path":"/mnt/c/Users/sebby/OneDrive/Desktop/Projects/my-app/client/src/components/Button.js","statementMap":{"0":{"start":{"line":3,"column":15},"end":{"line":11,"column":1}},"1":{"start":{"line":4,"column":2},"end":{"line":10,"column":4}}},"fnMap":{"0":{"name":"(anonymous_0)","decl":{"start":{"line":3,"column":15},"end":{"line":3,"column":16}},"loc":{"start":{"line":3,"column":21},"end":{"line":11,"column":1}},"line":3}},"branchMap":{},"s":{"0":3,"1":4},"f":{"0":4},"b":{},"_coverageSchema":"1a1c01bbd47fc00a2c39e90264f33305004495a9","hash":"1249a69f9ba4f58b3676d299a2510b6942b88d3f"}
}
